[19:27:27] [main/INFO]: Environment: authHost='https://authserver.mojang.com', accountsHost='https://api.mojang.com', sessionHost='https://sessionserver.mojang.com', servicesHost='https://api.minecraftservices.com', name='PROD'
[19:27:27] [main/WARN]: Ambiguity between arguments [teleport, destination] and [teleport, targets] with inputs: [Player, 0123, @e, dd12be42-52a9-4a91-a8a1-11c01849e498]
[19:27:27] [main/WARN]: Ambiguity between arguments [teleport, location] and [teleport, destination] with inputs: [0.1 -0.5 .9, 0 0 0]
[19:27:27] [main/WARN]: Ambiguity between arguments [teleport, location] and [teleport, targets] with inputs: [0.1 -0.5 .9, 0 0 0]
[19:27:27] [main/WARN]: Ambiguity between arguments [teleport, targets] and [teleport, destination] with inputs: [Player, 0123, dd12be42-52a9-4a91-a8a1-11c01849e498]
[19:27:27] [main/WARN]: Ambiguity between arguments [teleport, targets, location] and [teleport, targets, destination] with inputs: [0.1 -0.5 .9, 0 0 0]
[19:27:27] [main/INFO]: Reloading ResourceManager: Default
[19:27:29] [Worker-Main-4/INFO]: Loaded 7 recipes
[19:27:29] [Worker-Main-4/INFO]: Loaded 927 advancements
[19:27:31] [Server thread/INFO]: Starting minecraft server version 1.16.5
[19:27:31] [Server thread/INFO]: Loading properties
[19:27:31] [Server console handler/ERROR]: Exception handling console input
java.io.IOException: The handle is invalid
	at java.io.FileInputStream.readBytes(Native Method) ~[?:?]
	at java.io.FileInputStream.read(FileInputStream.java:256) ~[?:?]
	at java.io.BufferedInputStream.read1(BufferedInputStream.java:284) ~[?:?]
	at java.io.BufferedInputStream.read(BufferedInputStream.java:345) ~[?:?]
	at sun.nio.cs.StreamDecoder.readBytes(StreamDecoder.java:284) ~[?:?]
	at sun.nio.cs.StreamDecoder.implRead(StreamDecoder.java:326) ~[?:?]
	at sun.nio.cs.StreamDecoder.read(StreamDecoder.java:178) ~[?:?]
	at java.io.InputStreamReader.read(InputStreamReader.java:185) ~[?:?]
	at java.io.BufferedReader.fill(BufferedReader.java:161) ~[?:?]
	at java.io.BufferedReader.readLine(BufferedReader.java:326) ~[?:?]
	at java.io.BufferedReader.readLine(BufferedReader.java:392) ~[?:?]
	at zg$1.run(SourceFile:95) [server.jar:?]
[19:27:31] [Server thread/INFO]: Default game type: SURVIVAL
[19:27:31] [Server thread/INFO]: Generating keypair
[19:27:31] [Server thread/INFO]: Starting Minecraft server on *:25565
[19:27:31] [Server thread/INFO]: Using default channel type
[19:27:34] [Server thread/INFO]: Preparing level "world"
[19:27:40] [Server thread/INFO]: Preparing start region for dimension minecraft:overworld
[19:27:40] [Worker-Main-6/INFO]: Preparing spawn area: 0%
[19:27:40] [Worker-Main-4/INFO]: Preparing spawn area: 0%
[19:27:41] [Worker-Main-4/INFO]: Preparing spawn area: 0%
[19:27:42] [Worker-Main-4/INFO]: Preparing spawn area: 0%
[19:27:42] [Worker-Main-4/INFO]: Preparing spawn area: 0%
[19:27:42] [Worker-Main-6/INFO]: Preparing spawn area: 0%
[19:27:43] [Worker-Main-5/INFO]: Preparing spawn area: 0%
[19:27:43] [Worker-Main-6/INFO]: Preparing spawn area: 1%
[19:27:44] [Worker-Main-6/INFO]: Preparing spawn area: 1%
[19:27:45] [Worker-Main-6/INFO]: Preparing spawn area: 3%
[19:27:45] [Worker-Main-5/INFO]: Preparing spawn area: 3%
[19:27:46] [Worker-Main-5/INFO]: Preparing spawn area: 4%
[19:27:46] [Worker-Main-6/INFO]: Preparing spawn area: 15%
[19:27:46] [Worker-Main-5/INFO]: Preparing spawn area: 15%
[19:27:47] [Worker-Main-6/INFO]: Preparing spawn area: 19%
[19:27:48] [Worker-Main-6/INFO]: Preparing spawn area: 19%
[19:27:48] [Worker-Main-6/INFO]: Preparing spawn area: 27%
[19:27:49] [Worker-Main-6/INFO]: Preparing spawn area: 35%
[19:27:49] [Worker-Main-6/INFO]: Preparing spawn area: 43%
[19:27:49] [Worker-Main-5/INFO]: Preparing spawn area: 43%
[19:27:50] [Worker-Main-5/INFO]: Preparing spawn area: 43%
[19:27:50] [Worker-Main-6/INFO]: Preparing spawn area: 43%
[19:27:51] [Worker-Main-4/INFO]: Preparing spawn area: 65%
[19:27:53] [Worker-Main-6/INFO]: Preparing spawn area: 65%
[19:27:53] [Worker-Main-4/INFO]: Preparing spawn area: 65%
[19:27:53] [Worker-Main-4/INFO]: Preparing spawn area: 65%
[19:27:53] [Worker-Main-4/INFO]: Preparing spawn area: 83%
[19:27:54] [Worker-Main-6/INFO]: Preparing spawn area: 90%
[19:27:54] [Worker-Main-6/INFO]: Preparing spawn area: 90%
[19:27:54] [Server thread/INFO]: Time elapsed: 14369 ms
[19:27:54] [Server thread/INFO]: Done (20.078s)! For help, type "help"
[19:27:57] [Server thread/INFO]: Stopping server
[19:27:57] [Server thread/INFO]: Saving players
[19:27:57] [Server thread/INFO]: Saving worlds
[19:27:57] [Server thread/INFO]: Saving chunks for level 'ServerLevel[world]'/minecraft:overworld
[19:27:59] [Server thread/INFO]: ThreadedAnvilChunkStorage (world): All chunks are saved
[19:27:59] [Server thread/INFO]: Saving chunks for level 'ServerLevel[world]'/minecraft:the_nether
[19:27:59] [Server thread/INFO]: ThreadedAnvilChunkStorage (DIM-1): All chunks are saved
[19:27:59] [Server thread/INFO]: Saving chunks for level 'ServerLevel[world]'/minecraft:the_end
[19:27:59] [Server thread/INFO]: ThreadedAnvilChunkStorage (DIM1): All chunks are saved
[19:27:59] [Server thread/INFO]: ThreadedAnvilChunkStorage (world): All chunks are saved
[19:27:59] [Server thread/INFO]: ThreadedAnvilChunkStorage (DIM-1): All chunks are saved
[19:27:59] [Server thread/INFO]: ThreadedAnvilChunkStorage (DIM1): All chunks are saved
